Build started 07/03/2011 16:02:10.
     1>Project "G:\ORNELLA 2\H4DLL\H4DLL.vcxproj" on node 2 (build target(s)).
     1>InitializeBuildStatus:
         Creating "Release\H4DLL.unsuccessfulbuild" because "AlwaysCreate" was specified.
       _MASM:
         Assembling [Inputs]...
         cmd.exe /C "C:\Users\naga\AppData\Local\Temp\578eb666bff84a7781c823182f7cb862.cmd"
         ml.exe /c /nologo /Zi /Fo"Release\procedures.obj" /W3 /errorReport:prompt  /Taprocedures.asm
       ClCompile:
         C:\Program Files (x86)\Microsoft Visual Studio 10.0\VC\bin\CL.exe /c /I"C:\Programmi\Microsoft Visual Studio 9.0\VC\include\dx" /Zi /nologo /W0 /WX- /O2 /Ob1 /Oy /D WIN32 /D NDEBUG /D _WINDOWS /D _USRDLL /D H4DLL_EXPORTS /D _WIN32_WINNT=_WIN32_WINNT_WINXP /D _VC80_UPGRADE=0x0700 /D _WINDLL /D _MBCS /GF /Gm- /EHa /MT /GS- /Gy /fp:precise /Zc:wchar_t /Zc:forScope /Fo"Release\\" /Fd"Release\vc100.pdb" /Gd /TP /analyze- /errorReport:prompt AM_Core.cpp ASP.cpp BitmapCommon.cpp DeepFreeze.cpp demo_functions.cpp explore_directory.cpp "H4-DLL.cpp" HM_IMAgent\QMsnLive2011.cpp LOG.cpp SM_Core.cpp status_log.cpp UnHookClass.cpp x64.cpp aes_alg.cpp md5.cpp sha1.cpp HM_IMAgent\QAgent.cpp HM_IMAgent\QIcq.cpp HM_IMAgent\QIcq7.cpp HM_IMAgent\QList.cpp HM_IMAgent\QMessengerAgent.cpp HM_IMAgent\QMsn.cpp HM_IMAgent\QMsn6.cpp HM_IMAgent\QMsnLive.cpp HM_IMAgent\QMsnLive2009.cpp HM_IMAgent\QMsnLive85.cpp HM_IMAgent\QOleWalker.cpp HM_IMAgent\QProperty.cpp HM_IMAgent\QYim.cpp HM_IMAgent\QYim10.cpp HM_IMAgent\QYim7.cpp HM_IMAgent\QYim8.cpp HM_IMAgent\QYim9.cpp HM_CodeAlign.cpp HM_PreamblePatch.cpp HM_Reloc.cpp HM_SafeProcedures.cpp HM_MicAgent\QAmbientalMicrophone.cpp HM_MicAgent\QSpeechDetect.cpp HM_MicAgent\QVistaMicrophone.cpp HM_MicAgent\XpMic.cpp HM_PWDAgent\base64.cpp HM_PWDAgent\chrome.cpp HM_PWDAgent\des.cpp HM_PWDAgent\firefox.cpp HM_PWDAgent\gtalk.cpp HM_PWDAgent\iexplorer.cpp HM_PWDAgent\msn.cpp HM_PWDAgent\opera.cpp HM_PWDAgent\outlook.cpp HM_PWDAgent\paltalk.cpp HM_PWDAgent\thunderbird.cpp HM_PWDAgent\trillian.cpp HM_MailAgent\OLMAPI.cpp HM_MailAgent\WindowsMail.cpp HM_ContactAgent\OLABMAPI.cpp wcam_grab.cpp DynamiCall\dynamic_import.cpp
         AM_Core.cpp
         ASP.cpp
         BitmapCommon.cpp
         DeepFreeze.cpp
         demo_functions.cpp
         explore_directory.cpp
         H4-DLL.cpp
         QMsnLive2011.cpp
         LOG.cpp
         SM_Core.cpp
         status_log.cpp
         UnHookClass.cpp
         x64.cpp
         aes_alg.cpp
         md5.cpp
         sha1.cpp
         QAgent.cpp
         QIcq.cpp
         QIcq7.cpp
         QList.cpp
         Generating Code...
         Compiling...
         QMessengerAgent.cpp
         QMsn.cpp
         QMsn6.cpp
         QMsnLive.cpp
         QMsnLive2009.cpp
         QMsnLive85.cpp
         QOleWalker.cpp
         QProperty.cpp
         QYim.cpp
         QYim10.cpp
         QYim7.cpp
         QYim8.cpp
         QYim9.cpp
         HM_CodeAlign.cpp
         HM_PreamblePatch.cpp
         HM_Reloc.cpp
         HM_SafeProcedures.cpp
         QAmbientalMicrophone.cpp
         QSpeechDetect.cpp
         QVistaMicrophone.cpp
         Generating Code...
         Compiling...
         XpMic.cpp
         base64.cpp
         chrome.cpp
         des.cpp
         firefox.cpp
         gtalk.cpp
         iexplorer.cpp
         msn.cpp
         opera.cpp
         outlook.cpp
         paltalk.cpp
         thunderbird.cpp
         trillian.cpp
         OLMAPI.cpp
         WindowsMail.cpp
         OLABMAPI.cpp
         wcam_grab.cpp
         dynamic_import.cpp
         Generating Code...
       ResourceCompile:
         C:\Program Files (x86)\Microsoft SDKs\Windows\v7.0A\bin\rc.exe /D _VC80_UPGRADE=0x0700 /l"0x0409" /nologo /fo"Release\H4DLL1.res" H4DLL1.rc 
       Link:
         C:\Program Files (x86)\Microsoft Visual Studio 10.0\VC\bin\link.exe /ERRORREPORT:PROMPT /OUT:"Release\H4DLL.dll" /INCREMENTAL:NO /NOLOGO winhttp.lib WS2_32.lib shlwapi.lib Vfw32.lib oleacc.lib psapi.lib Strmiids.lib gdiplus.lib kernel32.lib user32.lib gdi32.lib winspool.lib comdlg32.lib advapi32.lib shell32.lib ole32.lib oleaut32.lib uuid.lib odbc32.lib odbccp32.lib /DEF:"H4-DLL.def" /MANIFEST /ManifestFile:"Release\H4DLL.dll.intermediate.manifest" /MANIFESTUAC:"level='asInvoker' uiAccess='false'" /PDB:"G:\ORNELLA 2\H4DLL\Release\H4DLL.pdb" /SUBSYSTEM:WINDOWS /OPT:REF /OPT:ICF /TLBID:1 /DYNAMICBASE:NO /IMPLIB:"Release\H4DLL.lib" /MACHINE:X86 /DLL Release\H4DLL1.res
         Release\AM_Core.obj
         Release\ASP.obj
         Release\BitmapCommon.obj
         Release\DeepFreeze.obj
         Release\demo_functions.obj
         Release\explore_directory.obj
         "Release\H4-DLL.obj"
         Release\QMsnLive2011.obj
         Release\LOG.obj
         Release\SM_Core.obj
         Release\status_log.obj
         Release\UnHookClass.obj
         Release\x64.obj
         Release\aes_alg.obj
         Release\md5.obj
         Release\sha1.obj
         Release\QAgent.obj
         Release\QIcq.obj
         Release\QIcq7.obj
         Release\QList.obj
         Release\QMessengerAgent.obj
         Release\QMsn.obj
         Release\QMsn6.obj
         Release\QMsnLive.obj
         Release\QMsnLive2009.obj
         Release\QMsnLive85.obj
         Release\QOleWalker.obj
         Release\QProperty.obj
         Release\QYim.obj
         Release\QYim10.obj
         Release\QYim7.obj
         Release\QYim8.obj
         Release\QYim9.obj
         Release\HM_CodeAlign.obj
         Release\HM_PreamblePatch.obj
         Release\HM_Reloc.obj
         Release\HM_SafeProcedures.obj
         Release\QAmbientalMicrophone.obj
         Release\QSpeechDetect.obj
         Release\QVistaMicrophone.obj
         Release\XpMic.obj
         Release\base64.obj
         Release\chrome.obj
         Release\des.obj
         Release\firefox.obj
         Release\gtalk.obj
         Release\iexplorer.obj
         Release\msn.obj
         Release\opera.obj
         Release\outlook.obj
         Release\paltalk.obj
         Release\thunderbird.obj
         Release\trillian.obj
         Release\OLMAPI.obj
         Release\WindowsMail.obj
         Release\OLABMAPI.obj
         Release\wcam_grab.obj
         Release\dynamic_import.obj
         Release\procedures.obj
            Creating library Release\H4DLL.lib and object Release\H4DLL.exp
         H4DLL.vcxproj -> G:\ORNELLA 2\H4DLL\Release\H4DLL.dll
       Manifest:
         C:\Program Files (x86)\Microsoft SDKs\Windows\v7.0A\bin\mt.exe /nologo /verbose /out:"G:\ORNELLA 2\H4DLL\Release\H4DLL.dll.manifest" /manifest Release\H4DLL.dll.intermediate.manifest
       FinalizeBuildStatus:
         Deleting file "Release\H4DLL.unsuccessfulbuild".
         Touching "Release\H4DLL.lastbuildstate".
     1>Done Building Project "G:\ORNELLA 2\H4DLL\H4DLL.vcxproj" (build target(s)).

Build succeeded.

Time Elapsed 00:01:05.41
